2024-09-05T15:42:07.274+07:00  INFO 14688 --- [EShopFrontEnd] [main] c.eshop.site.EShopFrontEndApplication    : Starting EShopFrontEndApplication using Java 21.0.2 with PID 14688 (D:\java\EShop\EShopProject\EShopWebParent\EShopFrontEnd\target\classes started by ducnh in D:\java\EShop\EShopProject)
2024-09-05T15:42:07.275+07:00 DEBUG 14688 --- [EShopFrontEnd] [main] c.eshop.site.EShopFrontEndApplication    : Running with Spring Boot v3.2.8, Spring v6.1.11
2024-09-05T15:42:07.276+07:00  INFO 14688 --- [EShopFrontEnd] [main] c.eshop.site.EShopFrontEndApplication    : No active profile set, falling back to 1 default profile: "default"
2024-09-05T15:42:10.292+07:00  WARN 14688 --- [EShopFrontEnd] [main] org.hibernate.orm.deprecation            : HHH90000025: MySQL8Dialect does not need to be specified explicitly using 'hibernate.dialect' (remove the property setting and it will be selected by default)
2024-09-05T15:42:10.296+07:00  WARN 14688 --- [EShopFrontEnd] [main] org.hibernate.orm.deprecation            : HHH90000026: MySQL8Dialect has been deprecated; use org.hibernate.dialect.MySQLDialect instead
2024-09-05T15:42:10.808+07:00  WARN 14688 --- [EShopFrontEnd] [main] JpaBaseConfiguration$JpaWebConfiguration : spring.jpa.open-in-view is enabled by default. Therefore, database queries may be performed during view rendering. Explicitly configure spring.jpa.open-in-view to disable this warning
2024-09-05T15:42:11.811+07:00  WARN 14688 --- [EShopFrontEnd] [main] .s.s.UserDetailsServiceAutoConfiguration : 

Using generated security password: 52aa4b35-959c-4e7c-9309-a6cb0506cd8b

This generated password is for development use only. Your security configuration must be updated before running your application in production.

2024-09-05T15:42:12.078+07:00  INFO 14688 --- [EShopFrontEnd] [main] c.eshop.site.EShopFrontEndApplication    : Started EShopFrontEndApplication in 5.502 seconds (process running for 6.525)
2024-09-05T15:55:39.585+07:00  INFO 2672 --- [EShopFrontEnd] [restartedMain] com.eshop.EShopFrontEndApplication       : Starting EShopFrontEndApplication using Java 21.0.2 with PID 2672 (D:\java\EShop\EShopProject\EShopWebParent\EShopFrontEnd\target\classes started by ducnh in D:\java\EShop\EShopProject)
2024-09-05T15:55:39.586+07:00 DEBUG 2672 --- [EShopFrontEnd] [restartedMain] com.eshop.EShopFrontEndApplication       : Running with Spring Boot v3.2.8, Spring v6.1.11
2024-09-05T15:55:39.589+07:00  INFO 2672 --- [EShopFrontEnd] [restartedMain] com.eshop.EShopFrontEndApplication       : No active profile set, falling back to 1 default profile: "default"
2024-09-05T15:55:41.683+07:00  WARN 2672 --- [EShopFrontEnd] [restartedMain] org.hibernate.orm.deprecation            : HHH90000025: MySQL8Dialect does not need to be specified explicitly using 'hibernate.dialect' (remove the property setting and it will be selected by default)
2024-09-05T15:55:41.685+07:00  WARN 2672 --- [EShopFrontEnd] [restartedMain] org.hibernate.orm.deprecation            : HHH90000026: MySQL8Dialect has been deprecated; use org.hibernate.dialect.MySQLDialect instead
2024-09-05T15:55:42.799+07:00  WARN 2672 --- [EShopFrontEnd] [restartedMain] JpaBaseConfiguration$JpaWebConfiguration : spring.jpa.open-in-view is enabled by default. Therefore, database queries may be performed during view rendering. Explicitly configure spring.jpa.open-in-view to disable this warning
2024-09-05T15:55:42.823+07:00  WARN 2672 --- [EShopFrontEnd] [restartedMain] .s.s.UserDetailsServiceAutoConfiguration : 

Using generated security password: cad7e7c1-e0f8-433d-b227-0ec281686eef

This generated password is for development use only. Your security configuration must be updated before running your application in production.

2024-09-05T15:55:43.400+07:00  WARN 2672 --- [EShopFrontEnd] [restartedMain] o.s.s.c.a.web.builders.WebSecurity       : You are asking Spring Security to ignore Deferred [Mvc [pattern='/images/**'], Ant [pattern='/images/**']]. This is not recommended -- please use permitAll via HttpSecurity#authorizeHttpRequests instead.
2024-09-05T15:55:43.401+07:00  WARN 2672 --- [EShopFrontEnd] [restartedMain] o.s.s.c.a.web.builders.WebSecurity       : You are asking Spring Security to ignore Deferred [Mvc [pattern='/js/**'], Ant [pattern='/js/**']]. This is not recommended -- please use permitAll via HttpSecurity#authorizeHttpRequests instead.
2024-09-05T15:55:43.690+07:00  INFO 2672 --- [EShopFrontEnd] [restartedMain] com.eshop.EShopFrontEndApplication       : Started EShopFrontEndApplication in 4.612 seconds (process running for 5.115)
2024-09-05T15:55:59.700+07:00  WARN 2672 --- [EShopFrontEnd] [http-nio-80-exec-4] actStandardFragmentInsertionTagProcessor : [THYMELEAF][http-nio-80-exec-4][index] Deprecated unwrapped fragment expression "fragments :: page_head('Home - Eshop ', 'none')" found in template index, line 3, col 7. Please use the complete syntax of fragment expressions instead ("~{fragments :: page_head('Home - Eshop ', 'none')}"). The old, unwrapped syntax for fragment expressions will be removed in future versions of Thymeleaf.
2024-09-05T15:56:06.338+07:00  WARN 2672 --- [EShopFrontEnd] [http-nio-80-exec-10] actStandardFragmentInsertionTagProcessor : [THYMELEAF][http-nio-80-exec-10][index] Deprecated unwrapped fragment expression "fragments :: page_head('Home - Eshop ', 'none')" found in template index, line 3, col 7. Please use the complete syntax of fragment expressions instead ("~{fragments :: page_head('Home - Eshop ', 'none')}"). The old, unwrapped syntax for fragment expressions will be removed in future versions of Thymeleaf.
2024-09-05T16:07:35.650+07:00  INFO 5652 --- [EShopFrontEnd] [restartedMain] com.eshop.EShopFrontEndApplication       : Starting EShopFrontEndApplication using Java 21.0.2 with PID 5652 (D:\java\EShop\EShopProject\EShopWebParent\EShopFrontEnd\target\classes started by ducnh in D:\java\EShop\EShopProject)
2024-09-05T16:07:35.652+07:00 DEBUG 5652 --- [EShopFrontEnd] [restartedMain] com.eshop.EShopFrontEndApplication       : Running with Spring Boot v3.2.8, Spring v6.1.11
2024-09-05T16:07:35.654+07:00  INFO 5652 --- [EShopFrontEnd] [restartedMain] com.eshop.EShopFrontEndApplication       : No active profile set, falling back to 1 default profile: "default"
2024-09-05T16:07:38.572+07:00  WARN 5652 --- [EShopFrontEnd] [restartedMain] org.hibernate.orm.deprecation            : HHH90000025: MySQL8Dialect does not need to be specified explicitly using 'hibernate.dialect' (remove the property setting and it will be selected by default)
2024-09-05T16:07:38.575+07:00  WARN 5652 --- [EShopFrontEnd] [restartedMain] org.hibernate.orm.deprecation            : HHH90000026: MySQL8Dialect has been deprecated; use org.hibernate.dialect.MySQLDialect instead
2024-09-05T16:07:40.177+07:00  WARN 5652 --- [EShopFrontEnd] [restartedMain] JpaBaseConfiguration$JpaWebConfiguration : spring.jpa.open-in-view is enabled by default. Therefore, database queries may be performed during view rendering. Explicitly configure spring.jpa.open-in-view to disable this warning
2024-09-05T16:07:40.204+07:00  WARN 5652 --- [EShopFrontEnd] [restartedMain] .s.s.UserDetailsServiceAutoConfiguration : 

Using generated security password: 0cdcd6ee-0d75-42b5-95b6-d39b30fb3781

This generated password is for development use only. Your security configuration must be updated before running your application in production.

2024-09-05T16:07:40.983+07:00  WARN 5652 --- [EShopFrontEnd] [restartedMain] o.s.s.c.a.web.builders.WebSecurity       : You are asking Spring Security to ignore Deferred [Mvc [pattern='/images/**'], Ant [pattern='/images/**']]. This is not recommended -- please use permitAll via HttpSecurity#authorizeHttpRequests instead.
2024-09-05T16:07:40.984+07:00  WARN 5652 --- [EShopFrontEnd] [restartedMain] o.s.s.c.a.web.builders.WebSecurity       : You are asking Spring Security to ignore Deferred [Mvc [pattern='/js/**'], Ant [pattern='/js/**']]. This is not recommended -- please use permitAll via HttpSecurity#authorizeHttpRequests instead.
2024-09-05T16:07:41.295+07:00  INFO 5652 --- [EShopFrontEnd] [restartedMain] com.eshop.EShopFrontEndApplication       : Started EShopFrontEndApplication in 6.159 seconds (process running for 6.694)
2024-09-05T16:07:59.137+07:00  WARN 5652 --- [EShopFrontEnd] [http-nio-80-exec-1] actStandardFragmentInsertionTagProcessor : [THYMELEAF][http-nio-80-exec-1][index] Deprecated unwrapped fragment expression "fragments :: page_head('Home - Eshop ', 'none')" found in template index, line 3, col 7. Please use the complete syntax of fragment expressions instead ("~{fragments :: page_head('Home - Eshop ', 'none')}"). The old, unwrapped syntax for fragment expressions will be removed in future versions of Thymeleaf.
2024-09-05T16:07:59.261+07:00  WARN 5652 --- [EShopFrontEnd] [http-nio-80-exec-1] actStandardFragmentInsertionTagProcessor : [THYMELEAF][http-nio-80-exec-1][index] Deprecated unwrapped fragment expression "navigation :: header_menu" found in template index, line 6, col 7. Please use the complete syntax of fragment expressions instead ("~{navigation :: header_menu}"). The old, unwrapped syntax for fragment expressions will be removed in future versions of Thymeleaf.
2024-09-05T16:09:40.573+07:00  WARN 5652 --- [EShopFrontEnd] [http-nio-80-exec-10] actStandardFragmentInsertionTagProcessor : [THYMELEAF][http-nio-80-exec-10][index] Deprecated unwrapped fragment expression "fragments :: page_head('Home - Eshop ', 'none')" found in template index, line 3, col 7. Please use the complete syntax of fragment expressions instead ("~{fragments :: page_head('Home - Eshop ', 'none')}"). The old, unwrapped syntax for fragment expressions will be removed in future versions of Thymeleaf.
2024-09-05T16:09:40.580+07:00  WARN 5652 --- [EShopFrontEnd] [http-nio-80-exec-10] actStandardFragmentInsertionTagProcessor : [THYMELEAF][http-nio-80-exec-10][index] Deprecated unwrapped fragment expression "navigation :: header_menu" found in template index, line 6, col 7. Please use the complete syntax of fragment expressions instead ("~{navigation :: header_menu}"). The old, unwrapped syntax for fragment expressions will be removed in future versions of Thymeleaf.
2024-09-05T16:09:41.531+07:00  WARN 5652 --- [EShopFrontEnd] [http-nio-80-exec-5] actStandardFragmentInsertionTagProcessor : [THYMELEAF][http-nio-80-exec-5][index] Deprecated unwrapped fragment expression "fragments :: page_head('Home - Eshop ', 'none')" found in template index, line 3, col 7. Please use the complete syntax of fragment expressions instead ("~{fragments :: page_head('Home - Eshop ', 'none')}"). The old, unwrapped syntax for fragment expressions will be removed in future versions of Thymeleaf.
2024-09-05T16:09:41.536+07:00  WARN 5652 --- [EShopFrontEnd] [http-nio-80-exec-5] actStandardFragmentInsertionTagProcessor : [THYMELEAF][http-nio-80-exec-5][index] Deprecated unwrapped fragment expression "navigation :: header_menu" found in template index, line 6, col 7. Please use the complete syntax of fragment expressions instead ("~{navigation :: header_menu}"). The old, unwrapped syntax for fragment expressions will be removed in future versions of Thymeleaf.
2024-09-05T16:09:47.288+07:00  WARN 5652 --- [EShopFrontEnd] [http-nio-80-exec-3] actStandardFragmentInsertionTagProcessor : [THYMELEAF][http-nio-80-exec-3][index] Deprecated unwrapped fragment expression "fragments :: page_head('Home - Eshop ', 'none')" found in template index, line 3, col 7. Please use the complete syntax of fragment expressions instead ("~{fragments :: page_head('Home - Eshop ', 'none')}"). The old, unwrapped syntax for fragment expressions will be removed in future versions of Thymeleaf.
2024-09-05T16:09:47.292+07:00  WARN 5652 --- [EShopFrontEnd] [http-nio-80-exec-3] actStandardFragmentInsertionTagProcessor : [THYMELEAF][http-nio-80-exec-3][index] Deprecated unwrapped fragment expression "navigation :: header_menu" found in template index, line 6, col 7. Please use the complete syntax of fragment expressions instead ("~{navigation :: header_menu}"). The old, unwrapped syntax for fragment expressions will be removed in future versions of Thymeleaf.
2024-09-05T16:12:28.603+07:00  INFO 15708 --- [EShopFrontEnd] [restartedMain] com.eshop.EShopFrontEndApplication       : Starting EShopFrontEndApplication using Java 21.0.2 with PID 15708 (D:\java\EShop\EShopProject\EShopWebParent\EShopFrontEnd\target\classes started by ducnh in D:\java\EShop\EShopProject)
2024-09-05T16:12:28.605+07:00 DEBUG 15708 --- [EShopFrontEnd] [restartedMain] com.eshop.EShopFrontEndApplication       : Running with Spring Boot v3.2.8, Spring v6.1.11
2024-09-05T16:12:28.606+07:00  INFO 15708 --- [EShopFrontEnd] [restartedMain] com.eshop.EShopFrontEndApplication       : No active profile set, falling back to 1 default profile: "default"
2024-09-05T16:12:31.744+07:00  WARN 15708 --- [EShopFrontEnd] [restartedMain] org.hibernate.orm.deprecation            : HHH90000025: MySQL8Dialect does not need to be specified explicitly using 'hibernate.dialect' (remove the property setting and it will be selected by default)
2024-09-05T16:12:31.747+07:00  WARN 15708 --- [EShopFrontEnd] [restartedMain] org.hibernate.orm.deprecation            : HHH90000026: MySQL8Dialect has been deprecated; use org.hibernate.dialect.MySQLDialect instead
2024-09-05T16:12:33.133+07:00  WARN 15708 --- [EShopFrontEnd] [restartedMain] JpaBaseConfiguration$JpaWebConfiguration : spring.jpa.open-in-view is enabled by default. Therefore, database queries may be performed during view rendering. Explicitly configure spring.jpa.open-in-view to disable this warning
2024-09-05T16:12:33.157+07:00  WARN 15708 --- [EShopFrontEnd] [restartedMain] .s.s.UserDetailsServiceAutoConfiguration : 

Using generated security password: f687b309-c718-478d-8fc7-2005e14cdc1d

This generated password is for development use only. Your security configuration must be updated before running your application in production.

2024-09-05T16:12:33.943+07:00  WARN 15708 --- [EShopFrontEnd] [restartedMain] o.s.s.c.a.web.builders.WebSecurity       : You are asking Spring Security to ignore Deferred [Mvc [pattern='/images/**'], Ant [pattern='/images/**']]. This is not recommended -- please use permitAll via HttpSecurity#authorizeHttpRequests instead.
2024-09-05T16:12:33.943+07:00  WARN 15708 --- [EShopFrontEnd] [restartedMain] o.s.s.c.a.web.builders.WebSecurity       : You are asking Spring Security to ignore Deferred [Mvc [pattern='/js/**'], Ant [pattern='/js/**']]. This is not recommended -- please use permitAll via HttpSecurity#authorizeHttpRequests instead.
2024-09-05T16:12:34.291+07:00  INFO 15708 --- [EShopFrontEnd] [restartedMain] com.eshop.EShopFrontEndApplication       : Started EShopFrontEndApplication in 6.244 seconds (process running for 6.859)
2024-09-05T16:12:39.844+07:00  WARN 15708 --- [EShopFrontEnd] [http-nio-80-exec-2] actStandardFragmentInsertionTagProcessor : [THYMELEAF][http-nio-80-exec-2][index] Deprecated unwrapped fragment expression "fragments :: page_head('Home - Eshop ', 'none')" found in template index, line 3, col 7. Please use the complete syntax of fragment expressions instead ("~{fragments :: page_head('Home - Eshop ', 'none')}"). The old, unwrapped syntax for fragment expressions will be removed in future versions of Thymeleaf.
2024-09-05T16:12:39.966+07:00  WARN 15708 --- [EShopFrontEnd] [http-nio-80-exec-2] actStandardFragmentInsertionTagProcessor : [THYMELEAF][http-nio-80-exec-2][index] Deprecated unwrapped fragment expression "navigation :: header_menu" found in template index, line 6, col 7. Please use the complete syntax of fragment expressions instead ("~{navigation :: header_menu}"). The old, unwrapped syntax for fragment expressions will be removed in future versions of Thymeleaf.
2024-09-05T16:12:44.823+07:00  WARN 15708 --- [EShopFrontEnd] [http-nio-80-exec-7] actStandardFragmentInsertionTagProcessor : [THYMELEAF][http-nio-80-exec-7][index] Deprecated unwrapped fragment expression "fragments :: page_head('Home - Eshop ', 'none')" found in template index, line 3, col 7. Please use the complete syntax of fragment expressions instead ("~{fragments :: page_head('Home - Eshop ', 'none')}"). The old, unwrapped syntax for fragment expressions will be removed in future versions of Thymeleaf.
2024-09-05T16:12:44.827+07:00  WARN 15708 --- [EShopFrontEnd] [http-nio-80-exec-7] actStandardFragmentInsertionTagProcessor : [THYMELEAF][http-nio-80-exec-7][index] Deprecated unwrapped fragment expression "navigation :: header_menu" found in template index, line 6, col 7. Please use the complete syntax of fragment expressions instead ("~{navigation :: header_menu}"). The old, unwrapped syntax for fragment expressions will be removed in future versions of Thymeleaf.
2024-09-05T16:12:46.000+07:00  WARN 15708 --- [EShopFrontEnd] [http-nio-80-exec-3] actStandardFragmentInsertionTagProcessor : [THYMELEAF][http-nio-80-exec-3][index] Deprecated unwrapped fragment expression "fragments :: page_head('Home - Eshop ', 'none')" found in template index, line 3, col 7. Please use the complete syntax of fragment expressions instead ("~{fragments :: page_head('Home - Eshop ', 'none')}"). The old, unwrapped syntax for fragment expressions will be removed in future versions of Thymeleaf.
2024-09-05T16:12:46.004+07:00  WARN 15708 --- [EShopFrontEnd] [http-nio-80-exec-3] actStandardFragmentInsertionTagProcessor : [THYMELEAF][http-nio-80-exec-3][index] Deprecated unwrapped fragment expression "navigation :: header_menu" found in template index, line 6, col 7. Please use the complete syntax of fragment expressions instead ("~{navigation :: header_menu}"). The old, unwrapped syntax for fragment expressions will be removed in future versions of Thymeleaf.
2024-09-05T16:12:47.177+07:00  WARN 15708 --- [EShopFrontEnd] [http-nio-80-exec-8] actStandardFragmentInsertionTagProcessor : [THYMELEAF][http-nio-80-exec-8][index] Deprecated unwrapped fragment expression "fragments :: page_head('Home - Eshop ', 'none')" found in template index, line 3, col 7. Please use the complete syntax of fragment expressions instead ("~{fragments :: page_head('Home - Eshop ', 'none')}"). The old, unwrapped syntax for fragment expressions will be removed in future versions of Thymeleaf.
2024-09-05T16:12:47.183+07:00  WARN 15708 --- [EShopFrontEnd] [http-nio-80-exec-8] actStandardFragmentInsertionTagProcessor : [THYMELEAF][http-nio-80-exec-8][index] Deprecated unwrapped fragment expression "navigation :: header_menu" found in template index, line 6, col 7. Please use the complete syntax of fragment expressions instead ("~{navigation :: header_menu}"). The old, unwrapped syntax for fragment expressions will be removed in future versions of Thymeleaf.
